<?xml version="1.0" encoding="UTF-8"?>
<testng-results ignored="0" total="2" passed="2" failed="0" skipped="0">
  <reporter-output>
  </reporter-output>
  <suite started-at="2025-05-31T09:52:22 IST" name="Default suite" finished-at="2025-05-31T09:52:53 IST" duration-ms="31458">
    <groups>
    </groups>
    <test started-at="2025-05-31T09:52:22 IST" name="Default test" finished-at="2025-05-31T09:52:53 IST" duration-ms="31458">
      <class name="automationTestScript.SaucedemoAutomatoin">
        <test-method is-config="true" signature="beforeSuite()[pri:0, instance:automationTestScript.SaucedemoAutomatoin@139982de]" started-at="2025-05-31T09:52:21 IST" name="beforeSuite" finished-at="2025-05-31T09:52:22 IST" duration-ms="343" status="PASS">
          <reporter-output>
          </reporter-output>
        </test-method> <!-- beforeSuite -->
        <test-method is-config="true" signature="setup(java.lang.reflect.Method)[pri:0, instance:automationTestScript.SaucedemoAutomatoin@139982de]" started-at="2025-05-31T09:52:22 IST" name="setup" finished-at="2025-05-31T09:52:24 IST" duration-ms="2378" status="PASS">
          <params>
            <param index="0">
              <value>
                <![CDATA[public void automationTestScript.SaucedemoAutomatoin.tc_001PurchaseOrderSuccessfuly()]]>
              </value>
            </param>
          </params>
          <reporter-output>
          </reporter-output>
        </test-method> <!-- setup -->
        <test-method signature="tc_001PurchaseOrderSuccessfuly()[pri:1, instance:automationTestScript.SaucedemoAutomatoin@139982de]" started-at="2025-05-31T09:52:24 IST" name="tc_001PurchaseOrderSuccessfuly" finished-at="2025-05-31T09:52:47 IST" duration-ms="22544" status="PASS">
          <reporter-output>
          </reporter-output>
        </test-method> <!-- tc_001PurchaseOrderSuccessfuly -->
        <test-method is-config="true" signature="tareDown()[pri:0, instance:automationTestScript.SaucedemoAutomatoin@139982de]" started-at="2025-05-31T09:52:47 IST" name="tareDown" finished-at="2025-05-31T09:52:48 IST" duration-ms="1795" status="PASS">
          <reporter-output>
          </reporter-output>
        </test-method> <!-- tareDown -->
        <test-method is-config="true" signature="setup(java.lang.reflect.Method)[pri:0, instance:automationTestScript.SaucedemoAutomatoin@139982de]" started-at="2025-05-31T09:52:48 IST" name="setup" finished-at="2025-05-31T09:52:50 IST" duration-ms="1233" status="PASS">
          <params>
            <param index="0">
              <value>
                <![CDATA[public void automationTestScript.SaucedemoAutomatoin.tc002LoginFaild()]]>
              </value>
            </param>
          </params>
          <reporter-output>
          </reporter-output>
        </test-method> <!-- setup -->
        <test-method signature="tc002LoginFaild()[pri:2, instance:automationTestScript.SaucedemoAutomatoin@139982de]" started-at="2025-05-31T09:52:50 IST" name="tc002LoginFaild" finished-at="2025-05-31T09:52:53 IST" duration-ms="3269" status="PASS">
          <reporter-output>
          </reporter-output>
        </test-method> <!-- tc002LoginFaild -->
        <test-method is-config="true" signature="tareDown()[pri:0, instance:automationTestScript.SaucedemoAutomatoin@139982de]" started-at="2025-05-31T09:52:53 IST" name="tareDown" finished-at="2025-05-31T09:52:53 IST" duration-ms="178" status="PASS">
          <reporter-output>
          </reporter-output>
        </test-method> <!-- tareDown -->
        <test-method is-config="true" signature="afterSuit()[pri:0, instance:automationTestScript.SaucedemoAutomatoin@139982de]" started-at="2025-05-31T09:52:53 IST" name="afterSuit" finished-at="2025-05-31T09:52:54 IST" duration-ms="453" status="PASS">
          <reporter-output>
          </reporter-output>
        </test-method> <!-- afterSuit -->
      </class> <!-- automationTestScript.SaucedemoAutomatoin -->
    </test> <!-- Default test -->
  </suite> <!-- Default suite -->
</testng-results>
