<?xml version="1.0" encoding="UTF-8"?>
<!-- Generated by org.testng.reporters.JUnitXMLReporter -->
<testsuite ignored="0" hostname="DESKTOP-RI91OIG" failures="0" tests="2" name="Default test" time="31.458" errors="0" timestamp="2025-05-31T09:52:53 IST">
  <testcase classname="automationTestScript.SaucedemoAutomatoin" name="tc_001PurchaseOrderSuccessfuly" time="22.544"/>
  <testcase classname="automationTestScript.SaucedemoAutomatoin" name="tc002LoginFaild" time="3.269"/>
</testsuite> <!-- Default test -->
